[2026-07-07 10:12:10]
==== Satellite Control Simulator ====
Satellite Name : ISS (ZARYA)             
mean_motion    : 15.49 orbits/day
------------------------------------
[2026-07-07 10:40:15]
==== Satellite Control Simulator ====
Satellite Name : ISS (ZARYA)             
mean_motion    : 15.49 orbits/day
------------------------------------
[2026-07-08 12:54:59]
==== Satellite Control Simulator ====
Satellite Name : ISS (ZARYA)             
mean_motion    : 15.00 orbits/day
------------------------------------
[2026-07-08 12:57:29]
==== Satellite Control Simulator ====
Satellite Name : ISS (ZARYA)             
Norad Id       : 25544
mean_motion    : 15.00 orbits/day
------------------------------------
[2026-07-08 12:59:57]
==== Satellite Control Simulator ====
Satellite Name : ISS (ZARYA)             
Norad Id       : 25544
mean_motion    : 15.49 orbits/day
------------------------------------
[2026-07-08 13:09:19]
==== Satellite Control Simulator ====
Satellite Name : ISS (ZARYA)             
Norad Id       : 25544
mean_motion    : 15.49 orbits/day
------------------------------------
[2026-07-08 13:09:55]
==== Satellite Control Simulator ====
Satellite Name : ISS (ZARYA)             
Norad Id       : 25544
Classification : U
mean_motion    : 15.49 orbits/day
------------------------------------
[2026-07-08 15:19:24]
==== Satellite Control Simulator ====
Satellite Name : ISS (ZARYA)             
Norad Id       : 25544
Classification : U
CosparId	      : 98067A  
Epoch_Year	  : 26
Epoch_Day	  : 186.443766
mean_motion    : 15.49 orbits/day
------------------------------------
[2026-07-08 15:21:12]
==== Satellite Control Simulator ====
Satellite Name : ISS (ZARYA)             
Norad Id       : 255447
Classification : U
CosparId	      : 98067A  
Epoch_Year     : 26
Epoch_Day      : 186.443766
mean_motion    : 15.49 orbits/day
------------------------------------
[2026-07-08 15:27:40]
==== Satellite Control Simulator ====
Satellite Name : ISS (ZARYA)             
Norad Id       : 25544
Classification : U
CosparId	      : 98067A  É
Epoch_Year     : 26
Epoch_Day      : 186.443766
Decay Rate1    : 0.000089
Decay Rate2    : 0.000000
Mean_motion    : 15.49 orbits/day
------------------------------------
[2026-07-08 15:28:04]
==== Satellite Control Simulator ====
Satellite Name : ISS (ZARYA)             
Norad Id       : 25544
Classification : U
CosparId	      : 98067A  Ů
Epoch_Year     : 26
Epoch_Day      : 186.443766
Decay Rate1    : 0.000089
Decay Rate2    : 0.000000
Mean_motion    : 15.49 orbits/day
------------------------------------
[2026-07-08 15:28:53]
==== Satellite Control Simulator ====
Satellite Name : ISS (ZARYA)             
Norad Id       : 25544
Classification : U
CosparId       : 98067A  
Epoch_Year     : 26
Epoch_Day      : 186.443766
Decay Rate1    : 0.000089
Decay Rate2    : 0.000000
Mean_motion    : 15.49 orbits/day
------------------------------------
[2026-07-08 17:15:21]
==== Satellite Control Simulator ====
Satellite Name : ISS (ZARYA)             
Norad Id       : 25544
Classification : U
CosparId       : 98067A  ô
Epoch_Year     : 26
Epoch_Day      : 186.443766
Decay Rate1    : 0.000089
Decay Rate2    : 0.000000
Bstar          : 17013.000000
Mean_motion    : 15.49 orbits/day
------------------------------------
[2026-07-08 17:17:48]
==== Satellite Control Simulator ====
Satellite Name : ISS (ZARYA)             
Norad Id       : 25544
Classification : U
CosparId       : 98067A  „
Epoch_Year     : 26
Epoch_Day      : 186.443766
Decay Rate1    : 0.000089
Decay Rate2    : 0.000000
Bstar          : 17013.000000
Mean_motion    : 15.49 orbits/day
------------------------------------
[2026-07-08 17:27:16]
==== Satellite Control Simulator ====
Satellite Name : ISS (ZARYA)             
Norad Id       : 25544
Classification : U
CosparId       : 98067A  
Epoch_Year     : 26
Epoch_Day      : 186.443766
Decay Rate1    : 0.000089
Decay Rate2    : 0.000000
Bstar          : 17013.000000
Mean_motion    : 15.49 orbits/day
------------------------------------
[2026-07-09 09:20:37]
==== Satellite Control Simulator ====
Satellite Name : ISS (ZARYA)             
-- Line 2 Info --
Norad Id       : 25544
Classification : U
CosparId       : 98067A  L
Epoch_Year     : 26
Epoch_Day      : 186.443766
Decay Rate1    : 0.000089
Decay Rate2    : 0.000000
Bstar          : 17013.000000
-- Line 3 Info --
Inclination       : 51.630300
Raan              : 209.727500
Eccentricity      : 0.6727.000000
Perigee           : 258.763800
Mean_Anomaly      : 101.259500
Mean_motion    : 15.49 orbits/day
------------------------------------
[2026-07-09 09:21:50]
==== Satellite Control Simulator ====
Satellite Name : ISS (ZARYA)             

-- Line 2 Info --
Norad Id       : 25544
Classification : U
CosparId       : 98067A  :
Epoch_Year     : 26
Epoch_Day      : 186.443766
Decay Rate1    : 0.000089
Decay Rate2    : 0.000000
Bstar          : 17013.000000

-- Line 3 Info --
Inclination       : 51.630300
Raan              : 209.727500
Eccentricity      : 0.6727.000000
Perigee           : 258.763800
Mean_Anomaly      : 101.259500
Mean_motion    : 15.49 orbits/day
------------------------------------
[2026-07-09 09:29:12]
==== Satellite Control Simulator ====
Satellite Name : ISS (ZARYA)             

-- Line 2 Info --
Norad Id       : 25544
Classification : U
CosparId       : 98067A  
Epoch_Year     : 26
Epoch_Day      : 186.443766
Decay Rate1    : 0.000089
Decay Rate2    : 0.000000
Bstar          : 17013.000000

-- Line 3 Info --
Inclination       : 51.630300
Raan              : 209.727500
Eccentricity      : 0.000673
Perigee           : 258.763800
Mean_Anomaly      : 101.259500
Mean_motion       : 15.49 orbits/day
Revolution_Number : 57458.000000
------------------------------------
[2026-07-09 09:40:04]
==== Satellite Control Simulator ====
Satellite Name : ISS (ZARYA)             

-- Line 2 Info --
Norad Id       : 25544
Classification : U
CosparId       : 98067A  
Epoch_Year     : 26
Epoch_Day      : 186.443766
Decay Rate1    : 0.000089
Decay Rate2    : 0.000000
Bstar          : -0.370130

-- Line 3 Info --
Inclination       : 51.630300
Raan              : 209.727500
Eccentricity      : 0.000673
Perigee           : 258.763800
Mean_Anomaly      : 101.259500
Mean_motion       : 15.49 orbits/day
Revolution_Number : 57458
------------------------------------
[2026-07-09 09:45:03]
==== Satellite Control Simulator ====
Satellite Name : ISS (ZARYA)             

-- Line 2 Info --
Norad Id       : 25544
Classification : U
CosparId       : 98067A  
Epoch_Year     : 26
Epoch_Day      : 186.443766
Decay Rate1    : 0.000089
Decay Rate2    : 0.000000
Bstar          : 0.000170

-- Line 3 Info --
Inclination       : 51.630300
Raan              : 209.727500
Eccentricity      : 0.000673
Perigee           : 258.763800
Mean_Anomaly      : 101.259500
Mean_motion       : 15.49 orbits/day
Revolution_Number : 57458
------------------------------------
[2026-07-09 09:48:38]
==== Satellite Control Simulator ====
Satellite Name : ISS (ZARYA)             

-- Line 2 Info --
Norad Id       : 25544
Classification : U
CosparId       : 98067A  
Epoch_Year     : 26
Epoch_Day      : 186.443766
Decay Rate1    : 0.000089
Decay Rate2    : 0.000000
Bstar          : 0.00017013

-- Line 3 Info --
Inclination       : 51.6303
Raan              : 209.7275
Eccentricity      : 0.00067270
Perigee           : 258.7638
Mean_Anomaly      : 101.2595
Mean_motion       : 15.49 orbits/day
Revolution_Number : 57458
------------------------------------
[2026-07-09 09:49:11]
==== Satellite Control Simulator ====
Satellite Name : ISS (ZARYA)             

-- Line 2 Info --
Norad Id       : 25544
Classification : U
CosparId       : 98067A  
Epoch_Year     : 26
Epoch_Day      : 186.443766
Decay Rate1    : 0.000089
Decay Rate2    : 0.000000
Bstar          : 0.00017013

-- Line 3 Info --
Inclination       : 51.6303
Raan              : 209.7275
Eccentricity      : 0.0006727
Perigee           : 258.7638
Mean_Anomaly      : 101.2595
Mean_motion       : 15.49 orbits/day
Revolution_Number : 57458
------------------------------------
